org.alloytools.alloy.dist.src/org.alloytools.alloy-6.0.0/org.alloytools.alloy.core/src/main/java/edu/mit/csail/sdg/alloy4/TableView.java:25: error: package kodkod.instance does not exist
import kodkod.instance.Instance;
                      ^
org.alloytools.alloy.dist.src/org.alloytools.alloy-6.0.0/org.alloytools.alloy.core/src/main/java/edu/mit/csail/sdg/alloy4/TableView.java:26: error: package kodkod.instance does not exist
import kodkod.instance.TemporalInstance;
                      ^
org.alloytools.alloy.dist.src/org.alloytools.alloy-6.0.0/org.alloytools.alloy.core/src/main/java/edu/mit/csail/sdg/alloy4/TableView.java:27: error: package kodkod.instance does not exist
import kodkod.instance.Tuple;
                      ^
org.alloytools.alloy.dist.src/org.alloytools.alloy-6.0.0/org.alloytools.alloy.core/src/main/java/edu/mit/csail/sdg/alloy4/TableView.java:28: error: package kodkod.instance does not exist
import kodkod.instance.TupleSet;
                      ^
org.alloytools.alloy.dist.src/org.alloytools.alloy-6.0.0/org.alloytools.alloy.core/src/main/java/edu/mit/csail/sdg/translator/A4Solution.java:23: error: package kodkod.engine.Solution does not exist
import static kodkod.engine.Solution.Outcome.UNSATISFIABLE;
                                    ^
org.alloytools.alloy.dist.src/org.alloytools.alloy-6.0.0/org.alloytools.alloy.core/src/main/java/edu/mit/csail/sdg/translator/A4Solution.java:23: error: static import only from classes and interfaces
import static kodkod.engine.Solution.Outcome.UNSATISFIABLE;
^
org.alloytools.alloy.dist.src/org.alloytools.alloy-6.0.0/org.alloytools.alloy.core/src/main/java/edu/mit/csail/sdg/translator/A4Solution.java:73: error: package kodkod.ast does not exist
import kodkod.ast.BinaryExpression;
                 ^
org.alloytools.alloy.dist.src/org.alloytools.alloy-6.0.0/org.alloytools.alloy.core/src/main/java/edu/mit/csail/sdg/translator/A4Solution.java:74: error: package kodkod.ast does not exist
import kodkod.ast.BinaryFormula;
                 ^
org.alloytools.alloy.dist.src/org.alloytools.alloy-6.0.0/org.alloytools.alloy.core/src/main/java/edu/mit/csail/sdg/translator/A4Solution.java:75: error: package kodkod.ast does not exist
import kodkod.ast.Decl;
                 ^
org.alloytools.alloy.dist.src/org.alloytools.alloy-6.0.0/org.alloytools.alloy.core/src/main/java/edu/mit/csail/sdg/translator/A4Solution.java:76: error: package kodkod.ast does not exist
import kodkod.ast.Expression;
                 ^
org.alloytools.alloy.dist.src/org.alloytools.alloy-6.0.0/org.alloytools.alloy.core/src/main/java/edu/mit/csail/sdg/translator/A4Solution.java:77: error: package kodkod.ast does not exist
import kodkod.ast.Formula;
                 ^
org.alloytools.alloy.dist.src/org.alloytools.alloy-6.0.0/org.alloytools.alloy.core/src/main/java/edu/mit/csail/sdg/translator/A4Solution.java:78: error: package kodkod.ast does not exist
import kodkod.ast.IntExpression;
                 ^
org.alloytools.alloy.dist.src/org.alloytools.alloy-6.0.0/org.alloytools.alloy.core/src/main/java/edu/mit/csail/sdg/translator/A4Solution.java:79: error: package kodkod.ast does not exist
import kodkod.ast.Node;
                 ^
org.alloytools.alloy.dist.src/org.alloytools.alloy-6.0.0/org.alloytools.alloy.core/src/main/java/edu/mit/csail/sdg/translator/A4Solution.java:80: error: package kodkod.ast does not exist
import kodkod.ast.Relation;
                 ^
org.alloytools.alloy.dist.src/org.alloytools.alloy-6.0.0/org.alloytools.alloy.core/src/main/java/edu/mit/csail/sdg/translator/A4Solution.java:81: error: package kodkod.ast does not exist
import kodkod.ast.Variable;
                 ^
org.alloytools.alloy.dist.src/org.alloytools.alloy-6.0.0/org.alloytools.alloy.core/src/main/java/edu/mit/csail/sdg/translator/A4Solution.java:82: error: package kodkod.ast.operator does not exist
import kodkod.ast.operator.ExprOperator;
                          ^
org.alloytools.alloy.dist.src/org.alloytools.alloy-6.0.0/org.alloytools.alloy.core/src/main/java/edu/mit/csail/sdg/translator/A4Solution.java:83: error: package kodkod.ast.operator does not exist
import kodkod.ast.operator.FormulaOperator;
                          ^
org.alloytools.alloy.dist.src/org.alloytools.alloy-6.0.0/org.alloytools.alloy.core/src/main/java/edu/mit/csail/sdg/translator/A4Solution.java:84: error: package kodkod.engine does not exist
import kodkod.engine.AbstractKodkodSolver;
                    ^
org.alloytools.alloy.dist.src/org.alloytools.alloy-6.0.0/org.alloytools.alloy.core/src/main/java/edu/mit/csail/sdg/translator/A4Solution.java:85: error: package kodkod.engine does not exist
import kodkod.engine.CapacityExceededException;
                    ^
org.alloytools.alloy.dist.src/org.alloytools.alloy-6.0.0/org.alloytools.alloy.core/src/main/java/edu/mit/csail/sdg/translator/A4Solution.java:86: error: package kodkod.engine does not exist
import kodkod.engine.Evaluator;
                    ^
org.alloytools.alloy.dist.src/org.alloytools.alloy-6.0.0/org.alloytools.alloy.core/src/main/java/edu/mit/csail/sdg/translator/A4Solution.java:87: error: package kodkod.engine does not exist
import kodkod.engine.Explorer;
                    ^
org.alloytools.alloy.dist.src/org.alloytools.alloy-6.0.0/org.alloytools.alloy.core/src/main/java/edu/mit/csail/sdg/translator/A4Solution.java:88: error: package kodkod.engine does not exist
import kodkod.engine.InvalidSolverParamException;
                    ^
org.alloytools.alloy.dist.src/org.alloytools.alloy-6.0.0/org.alloytools.alloy.core/src/main/java/edu/mit/csail/sdg/translator/A4Solution.java:89: error: package kodkod.engine does not exist
import kodkod.engine.PardinusSolver;
                    ^
org.alloytools.alloy.dist.src/org.alloytools.alloy-6.0.0/org.alloytools.alloy.core/src/main/java/edu/mit/csail/sdg/translator/A4Solution.java:90: error: package kodkod.engine does not exist
import kodkod.engine.Proof;
                    ^
org.alloytools.alloy.dist.src/org.alloytools.alloy-6.0.0/org.alloytools.alloy.core/src/main/java/edu/mit/csail/sdg/translator/A4Solution.java:91: error: package kodkod.engine does not exist
import kodkod.engine.Solution;
                    ^
org.alloytools.alloy.dist.src/org.alloytools.alloy-6.0.0/org.alloytools.alloy.core/src/main/java/edu/mit/csail/sdg/translator/A4Solution.java:92: error: package kodkod.engine.config does not exist
import kodkod.engine.config.AbstractReporter;
                           ^
org.alloytools.alloy.dist.src/org.alloytools.alloy-6.0.0/org.alloytools.alloy.core/src/main/java/edu/mit/csail/sdg/translator/A4Solution.java:93: error: package kodkod.engine.config.DecomposedOptions does not exist
import kodkod.engine.config.DecomposedOptions.DMode;
                                             ^
org.alloytools.alloy.dist.src/org.alloytools.alloy-6.0.0/org.alloytools.alloy.core/src/main/java/edu/mit/csail/sdg/translator/A4Solution.java:94: error: package kodkod.engine.config does not exist
import kodkod.engine.config.ExtendedOptions;
                           ^
org.alloytools.alloy.dist.src/org.alloytools.alloy-6.0.0/org.alloytools.alloy.core/src/main/java/edu/mit/csail/sdg/translator/A4Solution.java:95: error: package kodkod.engine.config does not exist
import kodkod.engine.config.Options;
                           ^
org.alloytools.alloy.dist.src/org.alloytools.alloy-6.0.0/org.alloytools.alloy.core/src/main/java/edu/mit/csail/sdg/translator/A4Solution.java:96: error: package kodkod.engine.config does not exist
import kodkod.engine.config.Reporter;
                           ^
org.alloytools.alloy.dist.src/org.alloytools.alloy-6.0.0/org.alloytools.alloy.core/src/main/java/edu/mit/csail/sdg/translator/A4Solution.java:97: error: package kodkod.engine.config does not exist
import kodkod.engine.config.SLF4JReporter;
                           ^
org.alloytools.alloy.dist.src/org.alloytools.alloy-6.0.0/org.alloytools.alloy.core/src/main/java/edu/mit/csail/sdg/translator/A4Solution.java:98: error: package kodkod.engine.fol2sat does not exist
import kodkod.engine.fol2sat.TranslationRecord;
                            ^
org.alloytools.alloy.dist.src/org.alloytools.alloy-6.0.0/org.alloytools.alloy.core/src/main/java/edu/mit/csail/sdg/translator/A4Solution.java:99: error: package kodkod.engine.fol2sat does not exist
import kodkod.engine.fol2sat.Translator;
                            ^
org.alloytools.alloy.dist.src/org.alloytools.alloy-6.0.0/org.alloytools.alloy.core/src/main/java/edu/mit/csail/sdg/translator/A4Solution.java:100: error: package kodkod.engine.ltl2fol does not exist
import kodkod.engine.ltl2fol.InvalidMutableExpressionException;
                            ^
org.alloytools.alloy.dist.src/org.alloytools.alloy-6.0.0/org.alloytools.alloy.core/src/main/java/edu/mit/csail/sdg/translator/A4Solution.java:101: error: package kodkod.engine.ltl2fol does not exist
import kodkod.engine.ltl2fol.TemporalBoundsExpander;
                            ^
org.alloytools.alloy.dist.src/org.alloytools.alloy-6.0.0/org.alloytools.alloy.core/src/main/java/edu/mit/csail/sdg/translator/A4Solution.java:102: error: package kodkod.engine.satlab does not exist
import kodkod.engine.satlab.SATFactory;
                           ^
org.alloytools.alloy.dist.src/org.alloytools.alloy-6.0.0/org.alloytools.alloy.core/src/main/java/edu/mit/csail/sdg/translator/A4Solution.java:103: error: package kodkod.engine.ucore does not exist
import kodkod.engine.ucore.HybridStrategy;
                          ^
org.alloytools.alloy.dist.src/org.alloytools.alloy-6.0.0/org.alloytools.alloy.core/src/main/java/edu/mit/csail/sdg/translator/A4Solution.java:104: error: package kodkod.engine.ucore does not exist
import kodkod.engine.ucore.RCEStrategy;
                          ^
org.alloytools.alloy.dist.src/org.alloytools.alloy-6.0.0/org.alloytools.alloy.core/src/main/java/edu/mit/csail/sdg/translator/A4Solution.java:105: error: package kodkod.engine.unbounded does not exist
import kodkod.engine.unbounded.InvalidUnboundedProblem;
                              ^
org.alloytools.alloy.dist.src/org.alloytools.alloy-6.0.0/org.alloytools.alloy.core/src/main/java/edu/mit/csail/sdg/translator/A4Solution.java:106: error: package kodkod.instance does not exist
import kodkod.instance.Bounds;
                      ^
org.alloytools.alloy.dist.src/org.alloytools.alloy-6.0.0/org.alloytools.alloy.core/src/main/java/edu/mit/csail/sdg/translator/A4Solution.java:107: error: package kodkod.instance does not exist
import kodkod.instance.Instance;
                      ^
org.alloytools.alloy.dist.src/org.alloytools.alloy-6.0.0/org.alloytools.alloy.core/src/main/java/edu/mit/csail/sdg/translator/A4Solution.java:108: error: package kodkod.instance does not exist
import kodkod.instance.PardinusBounds;
                      ^
org.alloytools.alloy.dist.src/org.alloytools.alloy-6.0.0/org.alloytools.alloy.core/src/main/java/edu/mit/csail/sdg/translator/A4Solution.java:109: error: package kodkod.instance does not exist
import kodkod.instance.TemporalInstance;
                      ^
org.alloytools.alloy.dist.src/org.alloytools.alloy-6.0.0/org.alloytools.alloy.core/src/main/java/edu/mit/csail/sdg/translator/A4Solution.java:110: error: package kodkod.instance does not exist
import kodkod.instance.Tuple;
                      ^
org.alloytools.alloy.dist.src/org.alloytools.alloy-6.0.0/org.alloytools.alloy.core/src/main/java/edu/mit/csail/sdg/translator/A4Solution.java:111: error: package kodkod.instance does not exist
import kodkod.instance.TupleFactory;
                      ^
org.alloytools.alloy.dist.src/org.alloytools.alloy-6.0.0/org.alloytools.alloy.core/src/main/java/edu/mit/csail/sdg/translator/A4Solution.java:112: error: package kodkod.instance does not exist
import kodkod.instance.TupleSet;
                      ^
org.alloytools.alloy.dist.src/org.alloytools.alloy-6.0.0/org.alloytools.alloy.core/src/main/java/edu/mit/csail/sdg/translator/A4Solution.java:113: error: package kodkod.instance does not exist
import kodkod.instance.Universe;
                      ^
org.alloytools.alloy.dist.src/org.alloytools.alloy-6.0.0/org.alloytools.alloy.core/src/main/java/edu/mit/csail/sdg/translator/A4Solution.java:114: error: package kodkod.util.ints does not exist
import kodkod.util.ints.IndexedEntry;
                       ^
org.alloytools.alloy.dist.src/org.alloytools.alloy-6.0.0/org.alloytools.alloy.core/src/main/java/edu/mit/csail/sdg/translator/A4Solution.java:143: error: cannot find symbol
    static final Relation KK_MIN    = Relation.unary("Int/min");
                 ^
  symbol:   class Relation
  location: class A4Solution
org.alloytools.alloy.dist.src/org.alloytools.alloy-6.0.0/org.alloytools.alloy.core/src/main/java/edu/mit/csail/sdg/translator/A4Solution.java:148: error: cannot find symbol
    static final Relation KK_ZERO   = Relation.unary("Int/zero");
                 ^
  symbol:   class Relation
  location: class A4Solution
org.alloytools.alloy.dist.src/org.alloytools.alloy-6.0.0/org.alloytools.alloy.core/src/main/java/edu/mit/csail/sdg/translator/A4Solution.java:153: error: cannot find symbol
    static final Relation KK_MAX    = Relation.unary("Int/max");
                 ^
  symbol:   class Relation
  location: class A4Solution
org.alloytools.alloy.dist.src/org.alloytools.alloy-6.0.0/org.alloytools.alloy.core/src/main/java/edu/mit/csail/sdg/translator/A4Solution.java:159: error: cannot find symbol
    static final Relation KK_NEXT   = Relation.binary("Int/next");
                 ^
  symbol:   class Relation
  location: class A4Solution
org.alloytools.alloy.dist.src/org.alloytools.alloy-6.0.0/org.alloytools.alloy.core/src/main/java/edu/mit/csail/sdg/translator/A4Solution.java:164: error: cannot find symbol
    static final Relation KK_SEQIDX = Relation.unary("seq/Int");
                 ^
  symbol:   class Relation
  location: class A4Solution
org.alloytools.alloy.dist.src/org.alloytools.alloy-6.0.0/org.alloytools.alloy.core/src/main/java/edu/mit/csail/sdg/translator/A4Solution.java:169: error: cannot find symbol
    static final Relation KK_STRING = Relation.unary("String");
                 ^
  symbol:   class Relation
  location: class A4Solution
org.alloytools.alloy.dist.src/org.alloytools.alloy-6.0.0/org.alloytools.alloy.core/src/main/java/edu/mit/csail/sdg/translator/A4Solution.java:212: error: cannot find symbol
    private final TupleFactory      factory;
                  ^
  symbol:   class TupleFactory
  location: class A4Solution
org.alloytools.alloy.dist.src/org.alloytools.alloy-6.0.0/org.alloytools.alloy.core/src/main/java/edu/mit/csail/sdg/translator/A4Solution.java:215: error: cannot find symbol
    private final TupleSet          sigintBounds;
                  ^
  symbol:   class TupleSet
  location: class A4Solution
org.alloytools.alloy.dist.src/org.alloytools.alloy-6.0.0/org.alloytools.alloy.core/src/main/java/edu/mit/csail/sdg/translator/A4Solution.java:218: error: cannot find symbol
    private final TupleSet          seqidxBounds;
                  ^
  symbol:   class TupleSet
  location: class A4Solution
org.alloytools.alloy.dist.src/org.alloytools.alloy-6.0.0/org.alloytools.alloy.core/src/main/java/edu/mit/csail/sdg/translator/A4Solution.java:221: error: cannot find symbol
    private final TupleSet          stringBounds;
                  ^
  symbol:   class TupleSet
  location: class A4Solution
org.alloytools.alloy.dist.src/org.alloytools.alloy-6.0.0/org.alloytools.alloy.core/src/main/java/edu/mit/csail/sdg/translator/A4Solution.java:224: error: cannot find symbol
    private final PardinusSolver    solver;
                  ^
  symbol:   class PardinusSolver
  location: class A4Solution
org.alloytools.alloy.dist.src/org.alloytools.alloy-6.0.0/org.alloytools.alloy.core/src/main/java/edu/mit/csail/sdg/translator/A4Solution.java:233: error: cannot find symbol
    private PardinusBounds                    bounds;
            ^
  symbol:   class PardinusBounds
  location: class A4Solution
org.alloytools.alloy.dist.src/org.alloytools.alloy-6.0.0/org.alloytools.alloy.core/src/main/java/edu/mit/csail/sdg/translator/A4Solution.java:239: error: cannot find symbol
    private ArrayList<Formula>                formulas    = new ArrayList<Formula>();
                      ^
  symbol:   class Formula
  location: class A4Solution
org.alloytools.alloy.dist.src/org.alloytools.alloy-6.0.0/org.alloytools.alloy.core/src/main/java/edu/mit/csail/sdg/translator/A4Solution.java:270: error: cannot find symbol
    private Evaluator                         eval        = null;
            ^
  symbol:   class Evaluator
  location: class A4Solution
org.alloytools.alloy.dist.src/org.alloytools.alloy-6.0.0/org.alloytools.alloy.core/src/main/java/edu/mit/csail/sdg/translator/A4Solution.java:273: error: cannot find symbol
    private Explorer<Solution>                kEnumerator = null;
            ^
  symbol:   class Explorer
  location: class A4Solution
org.alloytools.alloy.dist.src/org.alloytools.alloy-6.0.0/org.alloytools.alloy.core/src/main/java/edu/mit/csail/sdg/translator/A4Solution.java:273: error: cannot find symbol
    private Explorer<Solution>                kEnumerator = null;
                     ^
  symbol:   class Solution
  location: class A4Solution
org.alloytools.alloy.dist.src/org.alloytools.alloy-6.0.0/org.alloytools.alloy.core/src/main/java/edu/mit/csail/sdg/translator/A4Solution.java:279: error: cannot find symbol
    private Map<Expr,Expression>              a2k;
                     ^
  symbol:   class Expression
  location: class A4Solution
org.alloytools.alloy.dist.src/org.alloytools.alloy-6.0.0/org.alloytools.alloy.core/src/main/java/edu/mit/csail/sdg/translator/A4Solution.java:284: error: cannot find symbol
    private final ConstMap<String,Expression> s2k;
                                  ^
  symbol:   class Expression
  location: class A4Solution
org.alloytools.alloy.dist.src/org.alloytools.alloy-6.0.0/org.alloytools.alloy.core/src/main/java/edu/mit/csail/sdg/translator/A4Solution.java:290: error: cannot find symbol
    private Map<Formula,Object>               k2pos;
                ^
  symbol:   class Formula
  location: class A4Solution
org.alloytools.alloy.dist.src/org.alloytools.alloy-6.0.0/org.alloytools.alloy.core/src/main/java/edu/mit/csail/sdg/translator/A4Solution.java:296: error: cannot find symbol
    private Map<Relation,Type>                rel2type;
                ^
  symbol:   class Relation
  location: class A4Solution
org.alloytools.alloy.dist.src/org.alloytools.alloy-6.0.0/org.alloytools.alloy.core/src/main/java/edu/mit/csail/sdg/translator/A4Solution.java:301: error: cannot find symbol
    private Map<Variable,Pair<Type,Pos>>      decl2type;
                ^
  symbol:   class Variable
  location: class A4Solution
org.alloytools.alloy.dist.src/org.alloytools.alloy-6.0.0/org.alloytools.alloy.core/src/main/java/edu/mit/csail/sdg/translator/A4Solution.java:650: error: cannot find symbol
    TupleFactory getFactory() {
    ^
  symbol:   class TupleFactory
  location: class A4Solution
org.alloytools.alloy.dist.src/org.alloytools.alloy-6.0.0/org.alloytools.alloy.core/src/main/java/edu/mit/csail/sdg/translator/A4Solution.java:657: error: cannot find symbol
    Bounds getBounds() {
    ^
  symbol:   class Bounds
  location: class A4Solution
org.alloytools.alloy.dist.src/org.alloytools.alloy-6.0.0/org.alloytools.alloy.core/src/main/java/edu/mit/csail/sdg/translator/A4Solution.java:672: error: cannot find symbol
    Relation addRel(String label, TupleSet lower, TupleSet upper, boolean var) throws ErrorFatal {
                                  ^
  symbol:   class TupleSet
  location: class A4Solution
org.alloytools.alloy.dist.src/org.alloytools.alloy-6.0.0/org.alloytools.alloy.core/src/main/java/edu/mit/csail/sdg/translator/A4Solution.java:672: error: cannot find symbol
    Relation addRel(String label, TupleSet lower, TupleSet upper, boolean var) throws ErrorFatal {
                                                  ^
  symbol:   class TupleSet
  location: class A4Solution
org.alloytools.alloy.dist.src/org.alloytools.alloy-6.0.0/org.alloytools.alloy.core/src/main/java/edu/mit/csail/sdg/translator/A4Solution.java:672: error: cannot find symbol
    Relation addRel(String label, TupleSet lower, TupleSet upper, boolean var) throws ErrorFatal {
    ^
  symbol:   class Relation
  location: class A4Solution
org.alloytools.alloy.dist.src/org.alloytools.alloy-6.0.0/org.alloytools.alloy.core/src/main/java/edu/mit/csail/sdg/translator/A4Solution.java:695: error: cannot find symbol
    void addPreRel(String label, TupleSet lower, TupleSet upper, Relation rel) throws ErrorFatal {
                                 ^
  symbol:   class TupleSet
  location: class A4Solution
org.alloytools.alloy.dist.src/org.alloytools.alloy-6.0.0/org.alloytools.alloy.core/src/main/java/edu/mit/csail/sdg/translator/A4Solution.java:695: error: cannot find symbol
    void addPreRel(String label, TupleSet lower, TupleSet upper, Relation rel) throws ErrorFatal {
                                                 ^
  symbol:   class TupleSet
  location: class A4Solution
org.alloytools.alloy.dist.src/org.alloytools.alloy-6.0.0/org.alloytools.alloy.core/src/main/java/edu/mit/csail/sdg/translator/A4Solution.java:695: error: cannot find symbol
    void addPreRel(String label, TupleSet lower, TupleSet upper, Relation rel) throws ErrorFatal {
                                                                 ^
  symbol:   class Relation
  location: class A4Solution
org.alloytools.alloy.dist.src/org.alloytools.alloy-6.0.0/org.alloytools.alloy.core/src/main/java/edu/mit/csail/sdg/translator/A4Solution.java:718: error: cannot find symbol
    void addSig(Sig s, Expression expr) throws ErrorFatal {
                       ^
  symbol:   class Expression
  location: class A4Solution
org.alloytools.alloy.dist.src/org.alloytools.alloy-6.0.0/org.alloytools.alloy.core/src/main/java/edu/mit/csail/sdg/translator/A4Solution.java:739: error: cannot find symbol
    void addField(Field f, Expression expr) throws ErrorFatal {
                           ^
  symbol:   class Expression
  location: class A4Solution
org.alloytools.alloy.dist.src/org.alloytools.alloy-6.0.0/org.alloytools.alloy.core/src/main/java/edu/mit/csail/sdg/translator/A4Solution.java:755: error: cannot find symbol
    private ExprVar addSkolem(String label, Type type, Expression expr) throws Err {
                                                       ^
  symbol:   class Expression
  location: class A4Solution
org.alloytools.alloy.dist.src/org.alloytools.alloy-6.0.0/org.alloytools.alloy.core/src/main/java/edu/mit/csail/sdg/translator/A4Solution.java:773: error: cannot find symbol
    ConstMap<Expr,Expression> a2k() {
                  ^
  symbol:   class Expression
  location: class A4Solution
org.alloytools.alloy.dist.src/org.alloytools.alloy-6.0.0/org.alloytools.alloy.core/src/main/java/edu/mit/csail/sdg/translator/A4Solution.java:781: error: cannot find symbol
    ConstMap<String,Expression> s2k() {
                    ^
  symbol:   class Expression
  location: class A4Solution
org.alloytools.alloy.dist.src/org.alloytools.alloy-6.0.0/org.alloytools.alloy.core/src/main/java/edu/mit/csail/sdg/translator/A4Solution.java:789: error: cannot find symbol
    Expression a2k(Sig sig) {
    ^
  symbol:   class Expression
  location: class A4Solution
org.alloytools.alloy.dist.src/org.alloytools.alloy-6.0.0/org.alloytools.alloy.core/src/main/java/edu/mit/csail/sdg/translator/A4Solution.java:797: error: cannot find symbol
    Expression a2k(Field field) {
    ^
  symbol:   class Expression
  location: class A4Solution
org.alloytools.alloy.dist.src/org.alloytools.alloy-6.0.0/org.alloytools.alloy.core/src/main/java/edu/mit/csail/sdg/translator/A4Solution.java:805: error: cannot find symbol
    Expression a2k(ExprVar var) {
    ^
  symbol:   class Expression
  location: class A4Solution
org.alloytools.alloy.dist.src/org.alloytools.alloy-6.0.0/org.alloytools.alloy.core/src/main/java/edu/mit/csail/sdg/translator/A4Solution.java:813: error: cannot find symbol
    Expression a2k(String stringConstant) {
    ^
  symbol:   class Expression
  location: class A4Solution
org.alloytools.alloy.dist.src/org.alloytools.alloy-6.0.0/org.alloytools.alloy.core/src/main/java/edu/mit/csail/sdg/translator/A4Solution.java:821: error: cannot find symbol
    Expression a2k(Expr expr) throws ErrorFatal {
    ^
  symbol:   class Expression
  location: class A4Solution
org.alloytools.alloy.dist.src/org.alloytools.alloy-6.0.0/org.alloytools.alloy.core/src/main/java/edu/mit/csail/sdg/translator/A4Solution.java:863: error: cannot find symbol
    TupleSet approximate(Expression expression) {
                         ^
  symbol:   class Expression
  location: class A4Solution
org.alloytools.alloy.dist.src/org.alloytools.alloy-6.0.0/org.alloytools.alloy.core/src/main/java/edu/mit/csail/sdg/translator/A4Solution.java:863: error: cannot find symbol
    TupleSet approximate(Expression expression) {
    ^
  symbol:   class TupleSet
  location: class A4Solution
org.alloytools.alloy.dist.src/org.alloytools.alloy-6.0.0/org.alloytools.alloy.core/src/main/java/edu/mit/csail/sdg/translator/A4Solution.java:874: error: cannot find symbol
    TupleSet query(boolean findUpper, Expression expr, boolean makeMutable) throws ErrorFatal {
                                      ^
  symbol:   class Expression
  location: class A4Solution
org.alloytools.alloy.dist.src/org.alloytools.alloy-6.0.0/org.alloytools.alloy.core/src/main/java/edu/mit/csail/sdg/translator/A4Solution.java:874: error: cannot find symbol
    TupleSet query(boolean findUpper, Expression expr, boolean makeMutable) throws ErrorFatal {
    ^
  symbol:   class TupleSet
  location: class A4Solution
org.alloytools.alloy.dist.src/org.alloytools.alloy-6.0.0/org.alloytools.alloy.core/src/main/java/edu/mit/csail/sdg/translator/A4Solution.java:909: error: cannot find symbol
    void shrink(Relation relation, TupleSet lowerBound, TupleSet upperBound) throws Err {
                ^
  symbol:   class Relation
  location: class A4Solution
org.alloytools.alloy.dist.src/org.alloytools.alloy-6.0.0/org.alloytools.alloy.core/src/main/java/edu/mit/csail/sdg/translator/A4Solution.java:909: error: cannot find symbol
    void shrink(Relation relation, TupleSet lowerBound, TupleSet upperBound) throws Err {
                                   ^
  symbol:   class TupleSet
  location: class A4Solution
org.alloytools.alloy.dist.src/org.alloytools.alloy-6.0.0/org.alloytools.alloy.core/src/main/java/edu/mit/csail/sdg/translator/A4Solution.java:909: error: cannot find symbol
    void shrink(Relation relation, TupleSet lowerBound, TupleSet upperBound) throws Err {
                                                        ^
  symbol:   class TupleSet
  location: class A4Solution
org.alloytools.alloy.dist.src/org.alloytools.alloy-6.0.0/org.alloytools.alloy.core/src/main/java/edu/mit/csail/sdg/translator/A4TupleSet.java:22: error: package kodkod.instance does not exist
import kodkod.instance.Tuple;
                      ^
org.alloytools.alloy.dist.src/org.alloytools.alloy-6.0.0/org.alloytools.alloy.core/src/main/java/edu/mit/csail/sdg/translator/A4TupleSet.java:23: error: package kodkod.instance does not exist
import kodkod.instance.TupleSet;
                      ^
org.alloytools.alloy.dist.src/org.alloytools.alloy-6.0.0/org.alloytools.alloy.core/src/main/java/edu/mit/csail/sdg/translator/A4Tuple.java:20: error: package kodkod.instance does not exist
import kodkod.instance.Tuple;
                      ^
org.alloytools.alloy.dist.src/org.alloytools.alloy-6.0.0/org.alloytools.alloy.core/src/main/java/edu/mit/csail/sdg/translator/A4Solution.java:1106: error: cannot find symbol
    public Instance debugExtractKInstance() throws Err {
           ^
  symbol:   class Instance
  location: class A4Solution
org.alloytools.alloy.dist.src/org.alloytools.alloy-6.0.0/org.alloytools.alloy.core/src/main/java/edu/mit/csail/sdg/translator/A4Solution.java:1120: error: cannot find symbol
    Object k2pos(Node formula) {
                 ^
  symbol:   class Node
  location: class A4Solution
org.alloytools.alloy.dist.src/org.alloytools.alloy-6.0.0/org.alloytools.alloy.core/src/main/java/edu/mit/csail/sdg/translator/A4Solution.java:1128: error: cannot find symbol
    Formula k2pos(Formula formula, Expr expr) throws Err {
                  ^
  symbol:   class Formula
  location: class A4Solution
org.alloytools.alloy.dist.src/org.alloytools.alloy-6.0.0/org.alloytools.alloy.core/src/main/java/edu/mit/csail/sdg/alloy4/A4Preferences.java:35: error: unknown tag: modified
 * @modified [electrum] added decompose strategy option
   ^
org.alloytools.alloy.dist.src/org.alloytools.alloy-6.0.0/org.alloytools.alloy.core/src/main/java/edu/mit/csail/sdg/alloy4/A4Preferences.java:464: error: bad use of '>'
         * Make a new IntPref object with the given id; you must ensure max >= min, but
                                                                            ^
org.alloytools.alloy.dist.src/org.alloytools.alloy-6.0.0/org.alloytools.alloy.core/src/main/java/edu/mit/csail/sdg/alloy4/A4Reporter.java:23: error: unknown tag: modified
 * @modified [electrum] the solving process now reports in which step of the
   ^
org.alloytools.alloy.dist.src/org.alloytools.alloy-6.0.0/org.alloytools.alloy.core/src/main/java/edu/mit/csail/sdg/alloy4/ConstList.java:197: error: malformed HTML
     * Return an unmodifiable list consisting of "n" references to "elem". (If n<=0,
                                                                                ^
org.alloytools.alloy.dist.src/org.alloytools.alloy-6.0.0/org.alloytools.alloy.core/src/main/java/edu/mit/csail/sdg/alloy4/ConstList.java:53: error: malformed HTML
         * Construct an empty TempList with initial capacity of n (if n<=0, the list
                                                                       ^
org.alloytools.alloy.dist.src/org.alloytools.alloy-6.0.0/org.alloytools.alloy.core/src/main/java/edu/mit/csail/sdg/alloy4/ConstList.java:62: error: malformed HTML
         * elem (if n<=0, the created list is empty)
                     ^
org.alloytools.alloy.dist.src/org.alloytools.alloy-6.0.0/org.alloytools.alloy.core/src/main/java/edu/mit/csail/sdg/alloy4/OurConsole.java:70: error: unknown tag: modified
 * @modified [electrum] the evaluator now acts on the current state focused on
   ^
org.alloytools.alloy.dist.src/org.alloytools.alloy-6.0.0/org.alloytools.alloy.core/src/main/java/edu/mit/csail/sdg/alloy4/OurUtil.java:427: error: bad HTML entity
     * @param label - the label to show on screen (if it contains '&' followed by
                                                                   ^
org.alloytools.alloy.dist.src/org.alloytools.alloy-6.0.0/org.alloytools.alloy.core/src/main/java/edu/mit/csail/sdg/alloy4/OurUtil.java:428: error: bad HTML entity
     *            'a'..'z', we'll remove '&' and use it as mnemonic)
                                          ^
org.alloytools.alloy.dist.src/org.alloytools.alloy-6.0.0/org.alloytools.alloy.core/src/main/java/edu/mit/csail/sdg/alloy4/Pos.java:23: error: bad HTML entity
 * <b>Invariant:</b> filename!=null && x>0 && y>0 && ((y2>y && x2>0) || (y2==y
                                    ^
org.alloytools.alloy.dist.src/org.alloytools.alloy-6.0.0/org.alloytools.alloy.core/src/main/java/edu/mit/csail/sdg/alloy4/Pos.java:23: error: bad HTML entity
 * <b>Invariant:</b> filename!=null && x>0 && y>0 && ((y2>y && x2>0) || (y2==y
                                     ^
org.alloytools.alloy.dist.src/org.alloytools.alloy-6.0.0/org.alloytools.alloy.core/src/main/java/edu/mit/csail/sdg/alloy4/Pos.java:23: error: bad use of '>'
 * <b>Invariant:</b> filename!=null && x>0 && y>0 && ((y2>y && x2>0) || (y2==y
                                        ^
org.alloytools.alloy.dist.src/org.alloytools.alloy-6.0.0/org.alloytools.alloy.core/src/main/java/edu/mit/csail/sdg/alloy4/Pos.java:23: error: bad HTML entity
 * <b>Invariant:</b> filename!=null && x>0 && y>0 && ((y2>y && x2>0) || (y2==y
                                           ^
org.alloytools.alloy.dist.src/org.alloytools.alloy-6.0.0/org.alloytools.alloy.core/src/main/java/edu/mit/csail/sdg/alloy4/Pos.java:23: error: bad HTML entity
 * <b>Invariant:</b> filename!=null && x>0 && y>0 && ((y2>y && x2>0) || (y2==y
                                            ^
org.alloytools.alloy.dist.src/org.alloytools.alloy-6.0.0/org.alloytools.alloy.core/src/main/java/edu/mit/csail/sdg/alloy4/Pos.java:23: error: bad use of '>'
 * <b>Invariant:</b> filename!=null && x>0 && y>0 && ((y2>y && x2>0) || (y2==y
                                               ^
org.alloytools.alloy.dist.src/org.alloytools.alloy-6.0.0/org.alloytools.alloy.core/src/main/java/edu/mit/csail/sdg/alloy4/Pos.java:23: error: bad HTML entity
 * <b>Invariant:</b> filename!=null && x>0 && y>0 && ((y2>y && x2>0) || (y2==y
                                                  ^
org.alloytools.alloy.dist.src/org.alloytools.alloy-6.0.0/org.alloytools.alloy.core/src/main/java/edu/mit/csail/sdg/alloy4/Pos.java:23: error: bad HTML entity
 * <b>Invariant:</b> filename!=null && x>0 && y>0 && ((y2>y && x2>0) || (y2==y
                                                   ^
org.alloytools.alloy.dist.src/org.alloytools.alloy-6.0.0/org.alloytools.alloy.core/src/main/java/edu/mit/csail/sdg/alloy4/Pos.java:23: error: bad use of '>'
 * <b>Invariant:</b> filename!=null && x>0 && y>0 && ((y2>y && x2>0) || (y2==y
                                                         ^
org.alloytools.alloy.dist.src/org.alloytools.alloy-6.0.0/org.alloytools.alloy.core/src/main/java/edu/mit/csail/sdg/alloy4/Pos.java:23: error: bad HTML entity
 * <b>Invariant:</b> filename!=null && x>0 && y>0 && ((y2>y && x2>0) || (y2==y
                                                            ^
org.alloytools.alloy.dist.src/org.alloytools.alloy-6.0.0/org.alloytools.alloy.core/src/main/java/edu/mit/csail/sdg/alloy4/Pos.java:23: error: bad HTML entity
 * <b>Invariant:</b> filename!=null && x>0 && y>0 && ((y2>y && x2>0) || (y2==y
                                                             ^
org.alloytools.alloy.dist.src/org.alloytools.alloy-6.0.0/org.alloytools.alloy.core/src/main/java/edu/mit/csail/sdg/alloy4/Pos.java:23: error: bad use of '>'
 * <b>Invariant:</b> filename!=null && x>0 && y>0 && ((y2>y && x2>0) || (y2==y
                                                                 ^
org.alloytools.alloy.dist.src/org.alloytools.alloy-6.0.0/org.alloytools.alloy.core/src/main/java/edu/mit/csail/sdg/alloy4/Pos.java:24: error: bad HTML entity
 * && x2>=x))
   ^
org.alloytools.alloy.dist.src/org.alloytools.alloy-6.0.0/org.alloytools.alloy.core/src/main/java/edu/mit/csail/sdg/alloy4/Pos.java:24: error: bad HTML entity
 * && x2>=x))
    ^
org.alloytools.alloy.dist.src/org.alloytools.alloy-6.0.0/org.alloytools.alloy.core/src/main/java/edu/mit/csail/sdg/alloy4/Pos.java:24: error: bad use of '>'
 * && x2>=x))
        ^
org.alloytools.alloy.dist.src/org.alloytools.alloy-6.0.0/org.alloytools.alloy.core/src/main/java/edu/mit/csail/sdg/alloy4/TableView.java:32: error: unknown tag: modified
 * @modified [electrum] adapted to focus on particular state
   ^
org.alloytools.alloy.dist.src/org.alloytools.alloy-6.0.0/org.alloytools.alloy.core/src/main/java/edu/mit/csail/sdg/alloy4/Util.java:808: error: malformed HTML
     * (bitwidth < 1).
                 ^
org.alloytools.alloy.dist.src/org.alloytools.alloy-6.0.0/org.alloytools.alloy.core/src/main/java/edu/mit/csail/sdg/alloy4/Util.java:816: error: malformed HTML
     * (bitwidth < 1)
                 ^
org.alloytools.alloy.dist.src/org.alloytools.alloy-6.0.0/org.alloytools.alloy.core/src/main/java/edu/mit/csail/sdg/alloy4/WorkerEngine.java:51: error: unknown tag: modified
 * @modified [electrum] handle external executables
   ^
org.alloytools.alloy.dist.src/org.alloytools.alloy-6.0.0/org.alloytools.alloy.application/src/main/java/edu/mit/csail/sdg/alloy4graph/Graph.java:41: error: unknown tag: modified
 * @modified [electrum] changed so that nodes are sorted lexicographically
   ^
org.alloytools.alloy.dist.src/org.alloytools.alloy-6.0.0/org.alloytools.alloy.application/src/main/java/edu/mit/csail/sdg/alloy4graph/GraphViewer.java:65: error: unknown tag: modified
 * @modified [electrum] added the ability to update the scale (needed to be
   ^
org.alloytools.alloy.dist.src/org.alloytools.alloy-6.0.0/org.alloytools.alloy.core/src/main/java/edu/mit/csail/sdg/sim/SimTuple.java:171: error: bad use of '>'
     * Replace each atom using the given SimAtom->SimAtom map; any atom not in the
                                                 ^
org.alloytools.alloy.dist.src/org.alloytools.alloy-6.0.0/org.alloytools.alloy.core/src/main/java/edu/mit/csail/sdg/sim/SimTupleset.java:238: error: self-closing element not allowed
     * not have compatible arity, then we return this tupleset as is). <br/>
                                                                       ^
org.alloytools.alloy.dist.src/org.alloytools.alloy-6.0.0/org.alloytools.alloy.core/src/main/java/edu/mit/csail/sdg/sim/SimTupleset.java:261: error: self-closing element not allowed
     * have compatible arity, then we return this tupleset as is). <br/>
                                                                   ^
org.alloytools.alloy.dist.src/org.alloytools.alloy-6.0.0/org.alloytools.alloy.core/src/main/java/edu/mit/csail/sdg/sim/SimTupleset.java:279: error: bad use of '>'
     * is zero or negative, we return the emptyset; if n >= this.arity, we return
                                                         ^
org.alloytools.alloy.dist.src/org.alloytools.alloy-6.0.0/org.alloytools.alloy.core/src/main/java/edu/mit/csail/sdg/sim/SimTupleset.java:311: error: bad use of '>'
     * is zero or negative, we return the emptyset; if n >= this.arity, we return
                                                         ^
org.alloytools.alloy.dist.src/org.alloytools.alloy-6.0.0/org.alloytools.alloy.core/src/main/java/edu/mit/csail/sdg/sim/SimTupleset.java:511: error: self-closing element not allowed
     * then we return an emptyset) <br/>
                                   ^
org.alloytools.alloy.dist.src/org.alloytools.alloy-6.0.0/org.alloytools.alloy.core/src/main/java/edu/mit/csail/sdg/sim/SimTupleset.java:530: error: self-closing element not allowed
     * <br/>
       ^
org.alloytools.alloy.dist.src/org.alloytools.alloy-6.0.0/org.alloytools.alloy.core/src/main/java/edu/mit/csail/sdg/sim/SimTupleset.java:531: error: self-closing element not allowed
     * Note: in general, the tuples may be ordered arbitrarily in the result. <br/>
                                                                              ^
org.alloytools.alloy.dist.src/org.alloytools.alloy-6.0.0/org.alloytools.alloy.core/src/main/java/edu/mit/csail/sdg/sim/SimTupleset.java:567: error: self-closing element not allowed
     * <br/>
       ^
org.alloytools.alloy.dist.src/org.alloytools.alloy-6.0.0/org.alloytools.alloy.core/src/main/java/edu/mit/csail/sdg/sim/SimTupleset.java:590: error: self-closing element not allowed
     * compatible arity, then we return this tupleset as is). <br/>
                                                              ^
org.alloytools.alloy.dist.src/org.alloytools.alloy-6.0.0/org.alloytools.alloy.core/src/main/java/edu/mit/csail/sdg/sim/SimTupleset.java:607: error: self-closing element not allowed
     * compatible arity, then we return this tupleset as is). <br/>
                                                              ^
org.alloytools.alloy.dist.src/org.alloytools.alloy-6.0.0/org.alloytools.alloy.core/src/main/java/edu/mit/csail/sdg/sim/SimTupleset.java:608: error: self-closing element not allowed
     * Note: The resulting tuples will keep their original order. <br/>
                                                                  ^
org.alloytools.alloy.dist.src/org.alloytools.alloy-6.0.0/org.alloytools.alloy.core/src/main/java/edu/mit/csail/sdg/sim/SimTupleset.java:626: error: self-closing element not allowed
     * Return this minus any tuple that contains the given atom. <br/>
                                                                 ^
org.alloytools.alloy.dist.src/org.alloytools.alloy-6.0.0/org.alloytools.alloy.core/src/main/java/edu/mit/csail/sdg/sim/SimTupleset.java:729: error: malformed HTML
     * Returns this<:that (NOTE: if this.arity!=1, then we return the empty set)
                   ^
org.alloytools.alloy.dist.src/org.alloytools.alloy-6.0.0/org.alloytools.alloy.core/src/main/java/edu/mit/csail/sdg/sim/SimTupleset.java:742: error: bad use of '>'
     * Returns this:>that (NOTE: if that.arity!=1, then we return the empty set)
                    ^
org.alloytools.alloy.dist.src/org.alloytools.alloy-6.0.0/org.alloytools.alloy.core/src/main/java/edu/mit/csail/sdg/sim/SimTupleset.java:898: error: malformed HTML
     * Return an iterator over all subset x of this where x.size<=1
                                                                ^
org.alloytools.alloy.dist.src/org.alloytools.alloy-6.0.0/org.alloytools.alloy.core/src/main/java/edu/mit/csail/sdg/sim/SimTupleset.java:988: error: bad use of '>'
     * Return an iterator over all subset x of this where x.size>=1
                                                                ^
org.alloytools.alloy.dist.src/org.alloytools.alloy-6.0.0/org.alloytools.alloy.application/src/main/java/edu/mit/csail/sdg/alloy4viz/AlloyRelation.java:30: error: unknown tag: modified
 * @modified [electrum] changed to register whether a relation is mutable
   ^
org.alloytools.alloy.dist.src/org.alloytools.alloy-6.0.0/org.alloytools.alloy.application/src/main/java/edu/mit/csail/sdg/alloy4viz/AlloySet.java:25: error: unknown tag: modified
 * @modified [electrum] changed to register whether a subset is mutable
   ^
org.alloytools.alloy.dist.src/org.alloytools.alloy-6.0.0/org.alloytools.alloy.application/src/main/java/edu/mit/csail/sdg/alloy4viz/AlloyType.java:25: error: unknown tag: modified
 * @modified [electrum] changed to register whether a sig is mutable
   ^
org.alloytools.alloy.dist.src/org.alloytools.alloy-6.0.0/org.alloytools.alloy.application/src/main/java/edu/mit/csail/sdg/alloy4viz/StaticInstanceReader.java:50: error: unknown tag: modified
 * @modified [electrum] creates an AlloyInstance for a particular state after
   ^
org.alloytools.alloy.dist.src/org.alloytools.alloy-6.0.0/org.alloytools.alloy.application/src/main/java/edu/mit/csail/sdg/alloy4viz/StaticProjector.java:32: error: unknown tag: modified
 * @modified [electrum] propagate whether elements are mutable after projection
   ^
org.alloytools.alloy.dist.src/org.alloytools.alloy-6.0.0/org.alloytools.alloy.application/src/main/java/edu/mit/csail/sdg/alloy4viz/VizGraphPanel.java:63: error: unknown tag: modified
 * @modified [electrum] apply default style for mutable elements; a graph panel
   ^
org.alloytools.alloy.dist.src/org.alloytools.alloy-6.0.0/org.alloytools.alloy.application/src/main/java/edu/mit/csail/sdg/alloy4viz/VizGUI.java:100: error: unknown tag: modified
 * @modified [electrum] support for visualization of traces; multiple states
   ^
org.alloytools.alloy.dist.src/org.alloytools.alloy-6.0.0/org.alloytools.alloy.application/src/main/java/edu/mit/csail/sdg/alloy4viz/VizState.java:45: error: unknown tag: modified
 * @modified [electrum] apply a default style to mutable elements (dashed)
   ^
org.alloytools.alloy.dist.src/org.alloytools.alloy-6.0.0/org.alloytools.alloy.application/src/main/java/edu/mit/csail/sdg/alloy4viz/VizTree.java:43: error: unknown tag: modified
 * @modified [electrum] adapted to focus on particular state
   ^
org.alloytools.alloy.dist.src/org.alloytools.alloy-6.0.0/org.alloytools.alloy.application/src/test/java/edu/mit/csail/sdg/alloy4whole/InternalTest.java:43: error: unknown tag: modified
 * @modified [electrum] adapted to trace instance XML format
   ^
org.alloytools.alloy.dist.src/org.alloytools.alloy-6.0.0/org.alloytools.alloy.application/src/main/java/edu/mit/csail/sdg/alloy4whole/PreferencesDialog.java:84: error: unknown tag: modified
 * @modified [electrum] only log when debugging; load electrod binary
   ^
org.alloytools.alloy.dist.src/org.alloytools.alloy-6.0.0/org.alloytools.alloy.application/src/main/java/edu/mit/csail/sdg/alloy4whole/SimpleCLI.java:53: error: unknown tag: modified
 * @modified [electrum] updated reporting
   ^
org.alloytools.alloy.dist.src/org.alloytools.alloy-6.0.0/org.alloytools.alloy.application/src/main/java/edu/mit/csail/sdg/alloy4whole/SimpleGUI.java:843: error: bad use of '>'
    /** This method performs File->Quit. */
                                  ^
org.alloytools.alloy.dist.src/org.alloytools.alloy-6.0.0/org.alloytools.alloy.application/src/main/java/edu/mit/csail/sdg/alloy4whole/SimpleGUI.java:979: error: bad use of '>'
    /** This method performs Edit->Preferences. */
                                  ^
org.alloytools.alloy.dist.src/org.alloytools.alloy-6.0.0/org.alloytools.alloy.application/src/main/java/edu/mit/csail/sdg/alloy4whole/SimpleGUI.java:193: error: unknown tag: modified
 * @modified [electrum] added electrum example models; added accelerator for
   ^
org.alloytools.alloy.dist.src/org.alloytools.alloy-6.0.0/org.alloytools.alloy.core/src/main/java/edu/mit/csail/sdg/parser/CompModule.java:96: error: unknown tag: modified
 * @modified [electrum] adapted methods to support commands with trace prefix
   ^
org.alloytools.alloy.dist.src/org.alloytools.alloy-6.0.0/org.alloytools.alloy.core/src/main/java/edu/mit/csail/sdg/parser/CompUtil.java:58: error: unknown tag: modified
 * @modified [electrum] helper method to determine whether a model is fully
   ^
org.alloytools.alloy.dist.src/org.alloytools.alloy-6.0.0/org.alloytools.alloy.core/src/main/java/edu/mit/csail/sdg/ast/Attr.java:24: error: unknown tag: modified
 * @modified [electrum] added a new attribute AST objects, whether they are
   ^
org.alloytools.alloy.dist.src/org.alloytools.alloy-6.0.0/org.alloytools.alloy.core/src/main/java/edu/mit/csail/sdg/ast/Command.java:35: error: bad use of '>'
 * <b>Invariant:</b> overall >= -1
                             ^
org.alloytools.alloy.dist.src/org.alloytools.alloy-6.0.0/org.alloytools.alloy.core/src/main/java/edu/mit/csail/sdg/ast/Command.java:37: error: bad use of '>'
 * <b>Invariant:</b> bitwidth >= -1
                              ^
org.alloytools.alloy.dist.src/org.alloytools.alloy-6.0.0/org.alloytools.alloy.core/src/main/java/edu/mit/csail/sdg/ast/Command.java:39: error: bad use of '>'
 * <b>Invariant:</b> maxseq >= -1
                            ^
org.alloytools.alloy.dist.src/org.alloytools.alloy-6.0.0/org.alloytools.alloy.core/src/main/java/edu/mit/csail/sdg/ast/Command.java:41: error: bad use of '>'
 * <b>Invariant:</b> maxstring >= -1
                               ^
org.alloytools.alloy.dist.src/org.alloytools.alloy-6.0.0/org.alloytools.alloy.core/src/main/java/edu/mit/csail/sdg/ast/Command.java:43: error: bad use of '>'
 * <b>Invariant:</b> minprefix == -1 or >= 1
                                        ^
org.alloytools.alloy.dist.src/org.alloytools.alloy-6.0.0/org.alloytools.alloy.core/src/main/java/edu/mit/csail/sdg/ast/Command.java:45: error: bad use of '>'
 * <b>Invariant:</b> maxprefix == -1 or >= 1
                                        ^
org.alloytools.alloy.dist.src/org.alloytools.alloy-6.0.0/org.alloytools.alloy.core/src/main/java/edu/mit/csail/sdg/ast/Command.java:47: error: unknown tag: modified
 * @modified [electrum] added two special scopes to commands, the minimum and
   ^
org.alloytools.alloy.dist.src/org.alloytools.alloy-6.0.0/org.alloytools.alloy.core/src/main/java/edu/mit/csail/sdg/ast/CommandScope.java:27: error: bad use of '>'
 * <b>Invariant:</b> endingScope >= startingScope >= 0
                                 ^
org.alloytools.alloy.dist.src/org.alloytools.alloy-6.0.0/org.alloytools.alloy.core/src/main/java/edu/mit/csail/sdg/ast/CommandScope.java:27: error: bad use of '>'
 * <b>Invariant:</b> endingScope >= startingScope >= 0
                                                  ^
org.alloytools.alloy.dist.src/org.alloytools.alloy-6.0.0/org.alloytools.alloy.core/src/main/java/edu/mit/csail/sdg/ast/CommandScope.java:29: error: bad use of '>'
 * <b>Invariant:</b> increment > 0
                               ^
org.alloytools.alloy.dist.src/org.alloytools.alloy-6.0.0/org.alloytools.alloy.core/src/main/java/edu/mit/csail/sdg/ast/Decl.java:26: error: unknown tag: modified
 * @modified [electrum] added a new attribute to declarations, whether a
   ^
org.alloytools.alloy.dist.src/org.alloytools.alloy-6.0.0/org.alloytools.alloy.core/src/main/java/edu/mit/csail/sdg/ast/Expr.java:161: error: malformed HTML
     * the given level of indentation. (If indent<0, it will be printed in one line
                                                 ^
org.alloytools.alloy.dist.src/org.alloytools.alloy-6.0.0/org.alloytools.alloy.core/src/main/java/edu/mit/csail/sdg/ast/Expr.java:242: error: bad use of '>'
     * Resolves this expression if ambiguous. (And if t.size()>0, it represents the
                                                              ^
org.alloytools.alloy.dist.src/org.alloytools.alloy-6.0.0/org.alloytools.alloy.core/src/main/java/edu/mit/csail/sdg/ast/Expr.java:501: error: malformed HTML
     * Returns the expression (this <: x)
                                    ^
org.alloytools.alloy.dist.src/org.alloytools.alloy-6.0.0/org.alloytools.alloy.core/src/main/java/edu/mit/csail/sdg/ast/Expr.java:512: error: bad use of '>'
     * Returns the expression (this :> x)
                                     ^
org.alloytools.alloy.dist.src/org.alloytools.alloy-6.0.0/org.alloytools.alloy.core/src/main/java/edu/mit/csail/sdg/ast/Expr.java:685: error: bad use of '>'
     * Returns the expression (this -> x) which can also be regarded as a
                                     ^
org.alloytools.alloy.dist.src/org.alloytools.alloy-6.0.0/org.alloytools.alloy.core/src/main/java/edu/mit/csail/sdg/ast/Expr.java:686: error: bad use of '>'
     * multiplicity constraint (this set->set x)
                                         ^
org.alloytools.alloy.dist.src/org.alloytools.alloy-6.0.0/org.alloytools.alloy.core/src/main/java/edu/mit/csail/sdg/ast/Expr.java:697: error: bad use of '>'
     * Returns the multiplicity constraint (this set->some x)
                                                     ^
org.alloytools.alloy.dist.src/org.alloytools.alloy-6.0.0/org.alloytools.alloy.core/src/main/java/edu/mit/csail/sdg/ast/Expr.java:708: error: bad use of '>'
     * Returns the multiplicity constraint (this set->one x)
                                                     ^
org.alloytools.alloy.dist.src/org.alloytools.alloy-6.0.0/org.alloytools.alloy.core/src/main/java/edu/mit/csail/sdg/ast/Expr.java:719: error: bad use of '>'
     * Returns the multiplicity constraint (this set->lone x)
                                                     ^
org.alloytools.alloy.dist.src/org.alloytools.alloy-6.0.0/org.alloytools.alloy.core/src/main/java/edu/mit/csail/sdg/ast/Expr.java:730: error: bad use of '>'
     * Returns the multiplicity constraint (this some->set x)
                                                      ^
org.alloytools.alloy.dist.src/org.alloytools.alloy-6.0.0/org.alloytools.alloy.core/src/main/java/edu/mit/csail/sdg/ast/Expr.java:741: error: bad use of '>'
     * Returns the multiplicity constraint (this some->some x)
                                                      ^
org.alloytools.alloy.dist.src/org.alloytools.alloy-6.0.0/org.alloytools.alloy.core/src/main/java/edu/mit/csail/sdg/ast/Expr.java:752: error: bad use of '>'
     * Returns the multiplicity constraint (this some->one x)
                                                      ^
org.alloytools.alloy.dist.src/org.alloytools.alloy-6.0.0/org.alloytools.alloy.core/src/main/java/edu/mit/csail/sdg/ast/Expr.java:763: error: bad use of '>'
     * Returns the multiplicity constraint (this some->lone x)
                                                      ^
org.alloytools.alloy.dist.src/org.alloytools.alloy-6.0.0/org.alloytools.alloy.core/src/main/java/edu/mit/csail/sdg/ast/Expr.java:774: error: bad use of '>'
     * Returns the multiplicity constraint (this one->set x)
                                                     ^
org.alloytools.alloy.dist.src/org.alloytools.alloy-6.0.0/org.alloytools.alloy.core/src/main/java/edu/mit/csail/sdg/ast/Expr.java:785: error: bad use of '>'
     * Returns the multiplicity constraint (this one->some x)
                                                     ^
org.alloytools.alloy.dist.src/org.alloytools.alloy-6.0.0/org.alloytools.alloy.core/src/main/java/edu/mit/csail/sdg/ast/Expr.java:796: error: bad use of '>'
     * Returns the multiplicity constraint (this one->one x)
                                                     ^
org.alloytools.alloy.dist.src/org.alloytools.alloy-6.0.0/org.alloytools.alloy.core/src/main/java/edu/mit/csail/sdg/ast/Expr.java:807: error: bad use of '>'
     * Returns the multiplicity constraint (this one->lone x)
                                                     ^
org.alloytools.alloy.dist.src/org.alloytools.alloy-6.0.0/org.alloytools.alloy.core/src/main/java/edu/mit/csail/sdg/ast/Expr.java:818: error: bad use of '>'
     * Returns the multiplicity constraint (this lone->set x)
                                                      ^
org.alloytools.alloy.dist.src/org.alloytools.alloy-6.0.0/org.alloytools.alloy.core/src/main/java/edu/mit/csail/sdg/ast/Expr.java:829: error: bad use of '>'
     * Returns the multiplicity constraint (this lone->some x)
                                                      ^
org.alloytools.alloy.dist.src/org.alloytools.alloy-6.0.0/org.alloytools.alloy.core/src/main/java/edu/mit/csail/sdg/ast/Expr.java:840: error: bad use of '>'
     * Returns the multiplicity constraint (this lone->one x)
                                                      ^
org.alloytools.alloy.dist.src/org.alloytools.alloy-6.0.0/org.alloytools.alloy.core/src/main/java/edu/mit/csail/sdg/ast/Expr.java:851: error: bad use of '>'
     * Returns the multiplicity constraint (this lone->lone x)
                                                      ^
org.alloytools.alloy.dist.src/org.alloytools.alloy-6.0.0/org.alloytools.alloy.core/src/main/java/edu/mit/csail/sdg/ast/Expr.java:862: error: bad use of '>'
     * Returns the multiplicity constraint (this isSeq->lone x)
                                                       ^
org.alloytools.alloy.dist.src/org.alloytools.alloy-6.0.0/org.alloytools.alloy.core/src/main/java/edu/mit/csail/sdg/ast/Expr.java:40: error: bad use of '>'
 * <b>Invariant:</b> type==EMPTY iff errors.size()>0 <br>
                                                  ^
org.alloytools.alloy.dist.src/org.alloytools.alloy-6.0.0/org.alloytools.alloy.core/src/main/java/edu/mit/csail/sdg/ast/Expr.java:42: error: bad use of '>'
 * <b>Invariant:</b> weight>0
                           ^
